GzmeLife/build/outputs/logs/manifest-merger-debug-report.txt
-- Merging decision tree log ---
manifest
ADDED from PMS\GzmeLife\AndroidManifest.xml:2:1-609:12
	package
		ADDED from PMS\GzmeLife\AndroidManifest.xml:4:5-31
	android:versionName
		ADDED from PMS\GzmeLife\AndroidManifest.xml:6:5-30
		INJECTED from PMS\GzmeLife\AndroidManifest.xml
		INJECTED from PMS\GzmeLife\AndroidManifest.xml
	xmlns:tools
		ADDED from PMS\GzmeLife\AndroidManifest.xml:3:5-51
	android:versionCode
		ADDED from PMS\GzmeLife\AndroidManifest.xml:5:5-28
		INJECTED from PMS\GzmeLife\AndroidManifest.xml
		INJECTED from PMS\GzmeLife\AndroidManifest.xml
	xmlns:android
		ADDED from PMS\GzmeLife\AndroidManifest.xml:2:11-69
uses-sdk
ADDED from PMS\GzmeLife\AndroidManifest.xml:8:5-12:11
MERGED from [PMS:Android-PullToRefresh:unspecified] AndroidManifest.xml:6:5-44
MERGED from [PMS:gridlayout:unspecified] AndroidManifest.xml:19:5-44
MERGED from [PMS:library:unspecified] AndroidManifest.xml:7:5-43
MERGED from [PMS:EspTouch_Demo:unspecified] AndroidManifest.xml:8:5-10:41
MERGED from [PMS:social_sdk_library_project:unspecified] AndroidManifest.xml:8:5-10:41
MERGED from [PMS:android-support-v7-appcompat:unspecified] AndroidManifest.xml:19:5-44
MERGED from [PMS:recyclerview:unspecified] AndroidManifest.xml:19:5-44
	tools:overrideLibrary
		ADDED from PMS\GzmeLife\AndroidManifest.xml:11:9-75
	android:targetSdkVersion
		ADDED from PMS\GzmeLife\AndroidManifest.xml:10:9-38
	android:minSdkVersion
		ADDED from PMS\GzmeLife\AndroidManifest.xml:9:9-35
permission#com.gzmelife.app.permission.JPUSH_MESSAGE
ADDED from PMS\GzmeLife\AndroidManifest.xml:15:5-17:47
	android:protectionLevel
		ADDED from PMS\GzmeLife\AndroidManifest.xml:17:9-44
	android:name
		ADDED from PMS\GzmeLife\AndroidManifest.xml:16:9-65
uses-permission#android.permission.ACCESS_NETWORK_STATE
ADDED from PMS\GzmeLife\AndroidManifest.xml:19:5-79
MERGED from [PMS:EspTouch_Demo:unspecified] AndroidManifest.xml:14:5-79
	android:name
		ADDED from PMS\GzmeLife\AndroidManifest.xml:19:22-76
uses-permission#android.permission.ACCESS_WIFI_STATE
ADDED from PMS\GzmeLife\AndroidManifest.xml:20:5-76
MERGED from [PMS:EspTouch_Demo:unspecified] AndroidManifest.xml:13:5-76
	android:name
		ADDED from PMS\GzmeLife\AndroidManifest.xml:20:22-73
uses-permission#android.permission.READ_PHONE_STATE
ADDED from PMS\GzmeLife\AndroidManifest.xml:21:5-75
	android:name
		ADDED from PMS\GzmeLife\AndroidManifest.xml:21:22-72
uses-permission#android.permission.WRITE_EXTERNAL_STORAGE
ADDED from PMS\GzmeLife\AndroidManifest.xml:22:5-81
	android:name
		ADDED from PMS\GzmeLife\AndroidManifest.xml:22:22-78
uses-permission#android.permission.INTERNET
ADDED from PMS\GzmeLife\AndroidManifest.xml:23:5-67
MERGED from [PMS:EspTouch_Demo:unspecified] AndroidManifest.xml:12:5-67
	android:name
		ADDED from PMS\GzmeLife\AndroidManifest.xml:23:22-64
uses-permission#android.permission.READ_LOGS
ADDED from PMS\GzmeLife\AndroidManifest.xml:24:5-68
	android:name
		ADDED from PMS\GzmeLife\AndroidManifest.xml:24:22-65
uses-permission#android.permission.ACCESS_FINE_LOCATION
ADDED from PMS\GzmeLife\AndroidManifest.xml:25:5-79
	android:name
		ADDED from PMS\GzmeLife\AndroidManifest.xml:25:22-76
uses-permission#android.permission.ACCESS_COARSE_LOCATION
ADDED from PMS\GzmeLife\AndroidManifest.xml:26:5-81
	android:name
		ADDED from PMS\GzmeLife\AndroidManifest.xml:26:22-78
uses-permission#android.permission.GET_TASKS
ADDED from PMS\GzmeLife\AndroidManifest.xml:27:5-68
	android:name
		ADDED from PMS\GzmeLife\AndroidManifest.xml:27:22-65
uses-permission#android.permission.SET_DEBUG_APP
ADDED from PMS\GzmeLife\AndroidManifest.xml:28:5-72
	android:name
		ADDED from PMS\GzmeLife\AndroidManifest.xml:28:22-69
uses-permission#android.permission.SYSTEM_ALERT_WINDOW
ADDED from PMS\GzmeLife\AndroidManifest.xml:29:5-78
	android:name
		ADDED from PMS\GzmeLife\AndroidManifest.xml:29:22-75
uses-permission#android.permission.GET_ACCOUNTS
ADDED from PMS\GzmeLife\AndroidManifest.xml:30:5-71
	android:name
		ADDED from PMS\GzmeLife\AndroidManifest.xml:30:22-68
uses-permission#android.permission.USE_CREDENTIALS
ADDED from PMS\GzmeLife\AndroidManifest.xml:31:5-74
	android:name
		ADDED from PMS\GzmeLife\AndroidManifest.xml:31:22-71
uses-permission#android.permission.MANAGE_ACCOUNTS
ADDED from PMS\GzmeLife\AndroidManifest.xml:32:5-74
	android:name
		ADDED from PMS\GzmeLife\AndroidManifest.xml:32:22-71
uses-permission#android.permission.MOUNT_UNMOUNT_FILESYSTEMS
ADDED from PMS\GzmeLife\AndroidManifest.xml:35:5-84
	android:name
		ADDED from PMS\GzmeLife\AndroidManifest.xml:35:22-81
uses-permission#android.permission.MOUNT_FORMAT_FILESYSTEMS
ADDED from PMS\GzmeLife\AndroidManifest.xml:36:5-83
	android:name
		ADDED from PMS\GzmeLife\AndroidManifest.xml:36:22-80
uses-permission#android.permission.CHANGE_WIFI_STATE
ADDED from PMS\GzmeLife\AndroidManifest.xml:37:5-76
	android:name
		ADDED from PMS\GzmeLife\AndroidManifest.xml:37:22-73
uses-permission#android.permission.BLUETOOTH
ADDED from PMS\GzmeLife\AndroidManifest.xml:47:5-68
	android:name
		ADDED from PMS\GzmeLife\AndroidManifest.xml:47:22-65
uses-permission#android.permission.BLUETOOTH_ADMIN
ADDED from PMS\GzmeLife\AndroidManifest.xml:48:5-74
	android:name
		ADDED from PMS\GzmeLife\AndroidManifest.xml:48:22-71
uses-permission#com.gzmelife.app.permission.JPUSH_MESSAGE
ADDED from PMS\GzmeLife\AndroidManifest.xml:49:5-81
	android:name
		ADDED from PMS\GzmeLife\AndroidManifest.xml:49:22-78
uses-permission#android.permission.RECEIVE_USER_PRESENT
ADDED from PMS\GzmeLife\AndroidManifest.xml:50:5-79
	android:name
		ADDED from PMS\GzmeLife\AndroidManifest.xml:50:22-76
uses-permission#android.permission.WAKE_LOCK
ADDED from PMS\GzmeLife\AndroidManifest.xml:51:5-68
	android:name
		ADDED from PMS\GzmeLife\AndroidManifest.xml:51:22-65
uses-permission#android.permission.WRITE_SETTINGS
ADDED from PMS\GzmeLife\AndroidManifest.xml:52:5-73
	android:name
		ADDED from PMS\GzmeLife\AndroidManifest.xml:52:22-70
uses-permission#android.permission.READ_EXTERNAL_STORAGE
ADDED from PMS\GzmeLife\AndroidManifest.xml:53:5-80
	android:name
		ADDED from PMS\GzmeLife\AndroidManifest.xml:53:22-77
uses-permission#android.permission.CAMERA
ADDED from PMS\GzmeLife\AndroidManifest.xml:54:5-65
	android:name
		ADDED from PMS\GzmeLife\AndroidManifest.xml:54:22-62
uses-permission#android.permission.VIBRATE
ADDED from PMS\GzmeLife\AndroidManifest.xml:55:5-66
	android:name
		ADDED from PMS\GzmeLife\AndroidManifest.xml:55:22-63
uses-permission#android.permission.CHANGE_NETWORK_STATE
ADDED from PMS\GzmeLife\AndroidManifest.xml:56:5-79
	android:name
		ADDED from PMS\GzmeLife\AndroidManifest.xml:56:22-76
uses-permission#android.permission.CHANGE_WIFI_MULTICAST_STATE
ADDED from PMS\GzmeLife\AndroidManifest.xml:57:5-86
MERGED from [PMS:EspTouch_Demo:unspecified] AndroidManifest.xml:15:5-86
	android:name
		ADDED from PMS\GzmeLife\AndroidManifest.xml:57:22-83
uses-permission#android.permission.ACCESS_GPS
ADDED from PMS\GzmeLife\AndroidManifest.xml:58:5-69
	android:name
		ADDED from PMS\GzmeLife\AndroidManifest.xml:58:22-66
uses-permission#android.permission.ACCESS_ASSISTED_GPS
ADDED from PMS\GzmeLife\AndroidManifest.xml:59:5-78
	android:name
		ADDED from PMS\GzmeLife\AndroidManifest.xml:59:22-75
uses-permission#android.permission.ACCESS_LOCATION
ADDED from PMS\GzmeLife\AndroidManifest.xml:60:5-74
	android:name
		ADDED from PMS\GzmeLife\AndroidManifest.xml:60:22-71
application
ADDED from PMS\GzmeLife\AndroidManifest.xml:75:5-607:19
MERGED from [PMS:Android-PullToRefresh:unspecified] AndroidManifest.xml:8:5-20
MERGED from [PMS:gridlayout:unspecified] AndroidManifest.xml:21:5-20
MERGED from [PMS:EspTouch_Demo:unspecified] AndroidManifest.xml:17:5-32:19
MERGED from [PMS:social_sdk_library_project:unspecified] AndroidManifest.xml:12:5-13:19
MERGED from [PMS:xutils:unspecified] AndroidManifest.xml:6:5-20
MERGED from [PMS:android-support-v7-appcompat:unspecified] AndroidManifest.xml:21:5-20
	android:label
		ADDED from PMS\GzmeLife\AndroidManifest.xml:79:9-41
	android:allowBackup
		ADDED from PMS\GzmeLife\AndroidManifest.xml:77:9-35
	android:icon
		ADDED from PMS\GzmeLife\AndroidManifest.xml:78:9-45
		REJECTED from [PMS:EspTouch_Demo:unspecified] AndroidManifest.xml:19:9-42
	android:theme
		ADDED from PMS\GzmeLife\AndroidManifest.xml:80:9-40
		REJECTED from [PMS:EspTouch_Demo:unspecified] AndroidManifest.xml:21:9-40
	tools:replace
		ADDED from PMS\GzmeLife\AndroidManifest.xml:81:9-52
	android:name
		ADDED from PMS\GzmeLife\AndroidManifest.xml:76:9-55
activity#com.gzmelife.app.activity.WelcomeActivity
ADDED from PMS\GzmeLife\AndroidManifest.xml:84:9-92:20
	android:screenOrientation
		ADDED from PMS\GzmeLife\AndroidManifest.xml:86:13-49
	android:theme
		ADDED from PMS\GzmeLife\AndroidManifest.xml:87:13-77
	android:name
		ADDED from PMS\GzmeLife\AndroidManifest.xml:85:13-53
intent-filter#android.intent.action.MAIN+android.intent.category.LAUNCHER
ADDED from PMS\GzmeLife\AndroidManifest.xml:88:13-91:29
action#android.intent.action.MAIN
ADDED from PMS\GzmeLife\AndroidManifest.xml:89:17-69
	android:name
		ADDED from PMS\GzmeLife\AndroidManifest.xml:89:25-66
category#android.intent.category.LAUNCHER
ADDED from PMS\GzmeLife\AndroidManifest.xml:90:17-77
	android:name
		ADDED from PMS\GzmeLife\AndroidManifest.xml:90:27-74
activity#com.gzmelife.app.activity.CookBoodFoodSearchActivity
ADDED from PMS\GzmeLife\AndroidManifest.xml:93:9-97:20
	android:screenOrientation
		ADDED from PMS\GzmeLife\AndroidManifest.xml:96:13-49
	android:label
		ADDED from PMS\GzmeLife\AndroidManifest.xml:95:13-45
	android:name
		ADDED from PMS\GzmeLife\AndroidManifest.xml:94:13-64
activity#com.gzmelife.app.activity.CookBookStandardFoodMaterialDetailsActivity
ADDED from PMS\GzmeLife\AndroidManifest.xml:98:9-102:20
	android:screenOrientation
		ADDED from PMS\GzmeLife\AndroidManifest.xml:101:13-49
	android:label
		ADDED from PMS\GzmeLife\AndroidManifest.xml:100:13-45
	android:name
		ADDED from PMS\GzmeLife\AndroidManifest.xml:99:13-81
activity#com.gzmelife.app.tools.ImageShower
ADDED from PMS\GzmeLife\AndroidManifest.xml:103:9-107:20
	android:screenOrientation
		ADDED from PMS\GzmeLife\AndroidManifest.xml:106:13-49
	android:label
		ADDED from PMS\GzmeLife\AndroidManifest.xml:105:13-45
	android:name
		ADDED from PMS\GzmeLife\AndroidManifest.xml:104:13-62
activity#com.gzmelife.app.activity.CookFoodMaterialManageActivity
ADDED from PMS\GzmeLife\AndroidManifest.xml:108:9-112:20
	android:screenOrientation
		ADDED from PMS\GzmeLife\AndroidManifest.xml:111:13-49
	android:label
		ADDED from PMS\GzmeLife\AndroidManifest.xml:110:13-45
	android:name
		ADDED from PMS\GzmeLife\AndroidManifest.xml:109:13-68
activity#com.gzmelife.app.activity.StartActivity
ADDED from PMS\GzmeLife\AndroidManifest.xml:113:10-117:20
	android:screenOrientation
		ADDED from PMS\GzmeLife\AndroidManifest.xml:115:13-49
	android:theme
		ADDED from PMS\GzmeLife\AndroidManifest.xml:116:13-77
	android:name
		ADDED from PMS\GzmeLife\AndroidManifest.xml:114:13-51
activity#com.gzmelife.app.activity.CookFoodsMaterialManageActivity
ADDED from PMS\GzmeLife\AndroidManifest.xml:118:9-122:20
	android:screenOrientation
		ADDED from PMS\GzmeLife\AndroidManifest.xml:121:13-49
	android:label
		ADDED from PMS\GzmeLife\AndroidManifest.xml:120:13-45
	android:name
		ADDED from PMS\GzmeLife\AndroidManifest.xml:119:13-69
activity#com.gzmelife.app.activity.MyFoodMangerSearchActivity
ADDED from PMS\GzmeLife\AndroidManifest.xml:123:9-127:20
	android:screenOrientation
		ADDED from PMS\GzmeLife\AndroidManifest.xml:126:13-49
	android:label
		ADDED from PMS\GzmeLife\AndroidManifest.xml:125:13-45
	android:name
		ADDED from PMS\GzmeLife\AndroidManifest.xml:124:13-64
activity#com.gzmelife.app.activity.MyFoodsMangerSearchActivity
ADDED from PMS\GzmeLife\AndroidManifest.xml:128:9-132:20
	android:screenOrientation
		ADDED from PMS\GzmeLife\AndroidManifest.xml:131:13-49
	android:label
		ADDED from PMS\GzmeLife\AndroidManifest.xml:130:13-45
	android:name
		ADDED from PMS\GzmeLife\AndroidManifest.xml:129:13-65
activity#com.gzmelife.app.activity.FillInInfoActivity
ADDED from PMS\GzmeLife\AndroidManifest.xml:134:9-138:20
	android:screenOrientation
		ADDED from PMS\GzmeLife\AndroidManifest.xml:137:13-49
	android:label
		ADDED from PMS\GzmeLife\AndroidManifest.xml:136:13-45
	android:name
		ADDED from PMS\GzmeLife\AndroidManifest.xml:135:13-56
activity#com.gzmelife.app.activity.FoodLibraryActivity
ADDED from PMS\GzmeLife\AndroidManifest.xml:139:9-143:20
	android:screenOrientation
		ADDED from PMS\GzmeLife\AndroidManifest.xml:142:13-49
	android:label
		ADDED from PMS\GzmeLife\AndroidManifest.xml:141:13-45
	android:name
		ADDED from PMS\GzmeLife\AndroidManifest.xml:140:13-57
activity#com.gzmelife.app.activity.NetCookBookDetailActivity
ADDED from PMS\GzmeLife\AndroidManifest.xml:144:9-148:20
	android:screenOrientation
		ADDED from PMS\GzmeLife\AndroidManifest.xml:147:13-49
	android:label
		ADDED from PMS\GzmeLife\AndroidManifest.xml:146:13-45
	android:name
		ADDED from PMS\GzmeLife\AndroidManifest.xml:145:13-63
activity#com.gzmelife.app.activity.NetCookBooksDetailActivity
ADDED from PMS\GzmeLife\AndroidManifest.xml:149:9-153:20
	android:screenOrientation
		ADDED from PMS\GzmeLife\AndroidManifest.xml:152:13-49
	android:label
		ADDED from PMS\GzmeLife\AndroidManifest.xml:151:13-45
	android:name
		ADDED from PMS\GzmeLife\AndroidManifest.xml:150:13-64
activity#com.gzmelife.app.activity.CommentDetailActivity
ADDED from PMS\GzmeLife\AndroidManifest.xml:154:9-158:20
	android:screenOrientation
		ADDED from PMS\GzmeLife\AndroidManifest.xml:157:13-49
	android:label
		ADDED from PMS\GzmeLife\AndroidManifest.xml:156:13-45
	android:name
		ADDED from PMS\GzmeLife\AndroidManifest.xml:155:13-59
activity#com.gzmelife.app.activity.SecondFoodClassifyActivity
ADDED from PMS\GzmeLife\AndroidManifest.xml:159:9-163:20
	android:screenOrientation
		ADDED from PMS\GzmeLife\AndroidManifest.xml:162:13-49
	android:label
		ADDED from PMS\GzmeLife\AndroidManifest.xml:161:13-45
	android:name
		ADDED from PMS\GzmeLife\AndroidManifest.xml:160:13-64
activity#com.gzmelife.app.activity.GoodFoodSearchActivity
ADDED from PMS\GzmeLife\AndroidManifest.xml:164:9-168:20
	android:screenOrientation
		ADDED from PMS\GzmeLife\AndroidManifest.xml:167:13-49
	android:label
		ADDED from PMS\GzmeLife\AndroidManifest.xml:166:13-45
	android:name
		ADDED from PMS\GzmeLife\AndroidManifest.xml:165:13-60
activity#com.gzmelife.app.activity.FoodMangerSearchActivity
ADDED from PMS\GzmeLife\AndroidManifest.xml:169:9-173:20
	android:screenOrientation
		ADDED from PMS\GzmeLife\AndroidManifest.xml:172:13-49
	android:label
		ADDED from PMS\GzmeLife\AndroidManifest.xml:171:13-45
	android:name
		ADDED from PMS\GzmeLife\AndroidManifest.xml:170:13-62
activity#com.gzmelife.app.activity.FoodMangerSearchsActivity
ADDED from PMS\GzmeLife\AndroidManifest.xml:174:9-178:20
	android:screenOrientation
		ADDED from PMS\GzmeLife\AndroidManifest.xml:177:13-49
	android:label
		ADDED from PMS\GzmeLife\AndroidManifest.xml:176:13-45
	android:name
		ADDED from PMS\GzmeLife\AndroidManifest.xml:175:13-63
activity#com.gzmelife.app.activity.SearchDetailActivity
ADDED from PMS\GzmeLife\AndroidManifest.xml:179:9-183:20
	android:screenOrientation
		ADDED from PMS\GzmeLife\AndroidManifest.xml:182:13-49
	android:label
		ADDED from PMS\GzmeLife\AndroidManifest.xml:181:13-45
	android:name
		ADDED from PMS\GzmeLife\AndroidManifest.xml:180:13-58
activity#com.gzmelife.app.activity.SearchsDetailActivity
ADDED from PMS\GzmeLife\AndroidManifest.xml:184:9-188:20
	android:screenOrientation
		ADDED from PMS\GzmeLife\AndroidManifest.xml:187:13-49
	android:label
		ADDED from PMS\GzmeLife\AndroidManifest.xml:186:13-45
	android:name
		ADDED from PMS\GzmeLife\AndroidManifest.xml:185:13-59
activity#com.gzmelife.app.activity.SearchssDetailActivity
ADDED from PMS\GzmeLife\AndroidManifest.xml:189:10-193:20
	android:screenOrientation
		ADDED from PMS\GzmeLife\AndroidManifest.xml:192:13-49
	android:label
		ADDED from PMS\GzmeLife\AndroidManifest.xml:191:13-45
	android:name
		ADDED from PMS\GzmeLife\AndroidManifest.xml:190:13-60
activity#com.gzmelife.app.activity.GoodFoodSearchDetailActivity
ADDED from PMS\GzmeLife\AndroidManifest.xml:194:10-198:20
	android:screenOrientation
		ADDED from PMS\GzmeLife\AndroidManifest.xml:197:13-49
	android:label
		ADDED from PMS\GzmeLife\AndroidManifest.xml:196:13-45
	android:name
		ADDED from PMS\GzmeLife\AndroidManifest.xml:195:13-66
activity#com.gzmelife.app.activity.FoodsMangerSearchActivity
ADDED from PMS\GzmeLife\AndroidManifest.xml:199:10-203:20
	android:screenOrientation
		ADDED from PMS\GzmeLife\AndroidManifest.xml:202:13-49
	android:label
		ADDED from PMS\GzmeLife\AndroidManifest.xml:201:13-45
	android:name
		ADDED from PMS\GzmeLife\AndroidManifest.xml:200:13-63
activity#com.gzmelife.app.activity.FoodssMangerSearchActivity
ADDED from PMS\GzmeLife\AndroidManifest.xml:204:10-208:20
	android:screenOrientation
		ADDED from PMS\GzmeLife\AndroidManifest.xml:207:13-49
	android:label
		ADDED from PMS\GzmeLife\AndroidManifest.xml:206:13-45
	android:name
		ADDED from PMS\GzmeLife\AndroidManifest.xml:205:13-64
activity#com.gzmelife.app.activity.ImageActivity
ADDED from PMS\GzmeLife\AndroidManifest.xml:209:9-213:20
	android:screenOrientation
		ADDED from PMS\GzmeLife\AndroidManifest.xml:212:13-49
	android:label
		ADDED from PMS\GzmeLife\AndroidManifest.xml:211:13-45
	android:name
		ADDED from PMS\GzmeLife\AndroidManifest.xml:210:13-51
activity#com.gzmelife.app.activity.CollectionActivity
ADDED from PMS\GzmeLife\AndroidManifest.xml:214:9-218:20
	android:screenOrientation
		ADDED from PMS\GzmeLife\AndroidManifest.xml:217:13-49
	android:label
		ADDED from PMS\GzmeLife\AndroidManifest.xml:216:13-45
	android:name
		ADDED from PMS\GzmeLife\AndroidManifest.xml:215:13-56
activity#com.gzmelife.app.activity.MainActivity
ADDED from PMS\GzmeLife\AndroidManifest.xml:219:9-224:20
	android:screenOrientation
		ADDED from PMS\GzmeLife\AndroidManifest.xml:223:13-49
	android:label
		ADDED from PMS\GzmeLife\AndroidManifest.xml:221:13-45
	android:launchMode
		ADDED from PMS\GzmeLife\AndroidManifest.xml:222:13-44
	android:name
		ADDED from PMS\GzmeLife\AndroidManifest.xml:220:13-50
activity#com.gzmelife.app.activity.LoginActivity
ADDED from PMS\GzmeLife\AndroidManifest.xml:225:9-229:20
	android:screenOrientation
		ADDED from PMS\GzmeLife\AndroidManifest.xml:228:13-49
	android:label
		ADDED from PMS\GzmeLife\AndroidManifest.xml:227:13-45
	android:name
		ADDED from PMS\GzmeLife\AndroidManifest.xml:226:13-51
activity#com.gzmelife.app.activity.ForgetpwdAndRegisterActivity
ADDED from PMS\GzmeLife\AndroidManifest.xml:230:9-234:20
	android:screenOrientation
		ADDED from PMS\GzmeLife\AndroidManifest.xml:233:13-49
	android:label
		ADDED from PMS\GzmeLife\AndroidManifest.xml:232:13-45
	android:name
		ADDED from PMS\GzmeLife\AndroidManifest.xml:231:13-66
activity#com.gzmelife.app.activity.SecondaryFoodClassificationActivity
ADDED from PMS\GzmeLife\AndroidManifest.xml:235:9-239:20
	android:screenOrientation
		ADDED from PMS\GzmeLife\AndroidManifest.xml:238:13-49
	android:label
		ADDED from PMS\GzmeLife\AndroidManifest.xml:237:13-45
	android:name
		ADDED from PMS\GzmeLife\AndroidManifest.xml:236:13-73
activity#com.gzmelife.app.activity.SecondClassifyActivity
ADDED from PMS\GzmeLife\AndroidManifest.xml:240:9-244:20
	android:screenOrientation
		ADDED from PMS\GzmeLife\AndroidManifest.xml:243:13-49
	android:label
		ADDED from PMS\GzmeLife\AndroidManifest.xml:242:13-45
	android:name
		ADDED from PMS\GzmeLife\AndroidManifest.xml:241:13-60
activity#com.gzmelife.app.activity.CookBookDetailActivity
ADDED from PMS\GzmeLife\AndroidManifest.xml:245:9-248:20
	android:screenOrientation
		ADDED from PMS\GzmeLife\AndroidManifest.xml:247:13-49
	android:name
		ADDED from PMS\GzmeLife\AndroidManifest.xml:246:13-60
activity#com.gzmelife.app.activity.AddDevicesActivity
ADDED from PMS\GzmeLife\AndroidManifest.xml:249:9-252:20
	android:screenOrientation
		ADDED from PMS\GzmeLife\AndroidManifest.xml:251:13-49
	android:name
		ADDED from PMS\GzmeLife\AndroidManifest.xml:250:13-56
activity#com.gzmelife.app.activity.AddDeviceByWifiRouterActivity
ADDED from PMS\GzmeLife\AndroidManifest.xml:253:9-256:20
	android:screenOrientation
		ADDED from PMS\GzmeLife\AndroidManifest.xml:255:13-49
	android:name
		ADDED from PMS\GzmeLife\AndroidManifest.xml:254:13-67
activity#com.gzmelife.app.activity.ProtocolActivity
ADDED from PMS\GzmeLife\AndroidManifest.xml:257:9-260:20
	android:screenOrientation
		ADDED from PMS\GzmeLife\AndroidManifest.xml:259:13-49
	android:name
		ADDED from PMS\GzmeLife\AndroidManifest.xml:258:13-54
activity#com.gzmelife.app.activity.AddDeviceByPMSWifiActivity
ADDED from PMS\GzmeLife\AndroidManifest.xml:261:9-264:20
	android:screenOrientation
		ADDED from PMS\GzmeLife\AndroidManifest.xml:263:13-49
	android:name
		ADDED from PMS\GzmeLife\AndroidManifest.xml:262:13-64
activity#com.gzmelife.app.activity.AddNewDeviceActivity
ADDED from PMS\GzmeLife\AndroidManifest.xml:265:9-268:20
	android:screenOrientation
		ADDED from PMS\GzmeLife\AndroidManifest.xml:267:13-49
	android:name
		ADDED from PMS\GzmeLife\AndroidManifest.xml:266:13-58
activity#com.gzmelife.app.activity.DeviceDetailActivity
ADDED from PMS\GzmeLife\AndroidManifest.xml:269:9-272:20
	android:screenOrientation
		ADDED from PMS\GzmeLife\AndroidManifest.xml:271:13-49
	android:name
		ADDED from PMS\GzmeLife\AndroidManifest.xml:270:13-58
activity#com.gzmelife.app.activity.DeviceCenterActivity
ADDED from PMS\GzmeLife\AndroidManifest.xml:273:9-276:20
	android:screenOrientation
		ADDED from PMS\GzmeLife\AndroidManifest.xml:275:13-49
	android:name
		ADDED from PMS\GzmeLife\AndroidManifest.xml:274:13-58
activity#com.gzmelife.app.activity.MyDataActivity
ADDED from PMS\GzmeLife\AndroidManifest.xml:277:9-280:20
	android:screenOrientation
		ADDED from PMS\GzmeLife\AndroidManifest.xml:279:13-49
	android:name
		ADDED from PMS\GzmeLife\AndroidManifest.xml:278:13-52
activity#com.gzmelife.app.activity.SettingsActivity
ADDED from PMS\GzmeLife\AndroidManifest.xml:281:9-284:20
	android:screenOrientation
		ADDED from PMS\GzmeLife\AndroidManifest.xml:283:13-49
	android:name
		ADDED from PMS\GzmeLife\AndroidManifest.xml:282:13-54
activity#com.gzmelife.app.activity.CheckUpdateActivity
ADDED from PMS\GzmeLife\AndroidManifest.xml:285:9-288:20
	android:screenOrientation
		ADDED from PMS\GzmeLife\AndroidManifest.xml:287:13-49
	android:name
		ADDED from PMS\GzmeLife\AndroidManifest.xml:286:13-57
activity#com.gzmelife.app.activity.ContactInfoActivity
ADDED from PMS\GzmeLife\AndroidManifest.xml:289:9-292:20
	android:screenOrientation
		ADDED from PMS\GzmeLife\AndroidManifest.xml:291:13-49
	android:name
		ADDED from PMS\GzmeLife\AndroidManifest.xml:290:13-57
activity#com.gzmelife.app.activity.RouterTipActivity
ADDED from PMS\GzmeLife\AndroidManifest.xml:293:9-296:20
	android:screenOrientation
		ADDED from PMS\GzmeLife\AndroidManifest.xml:295:13-49
	android:name
		ADDED from PMS\GzmeLife\AndroidManifest.xml:294:13-55
activity#com.gzmelife.app.activity.AddStepActivity
ADDED from PMS\GzmeLife\AndroidManifest.xml:297:9-300:20
	android:screenOrientation
		ADDED from PMS\GzmeLife\AndroidManifest.xml:299:13-49
	android:name
		ADDED from PMS\GzmeLife\AndroidManifest.xml:298:13-53
activity#com.gzmelife.app.activity.AuditInformationActivity
ADDED from PMS\GzmeLife\AndroidManifest.xml:301:9-304:20
	android:screenOrientation
		ADDED from PMS\GzmeLife\AndroidManifest.xml:303:13-49
	android:name
		ADDED from PMS\GzmeLife\AndroidManifest.xml:302:13-62
activity#com.gzmelife.app.activity.CookingStyleActivity
ADDED from PMS\GzmeLife\AndroidManifest.xml:305:9-308:20
	android:screenOrientation
		ADDED from PMS\GzmeLife\AndroidManifest.xml:307:13-49
	android:name
		ADDED from PMS\GzmeLife\AndroidManifest.xml:306:13-58
activity#com.gzmelife.app.activity.PersonDataActivity
ADDED from PMS\GzmeLife\AndroidManifest.xml:309:9-312:20
	android:screenOrientation
		ADDED from PMS\GzmeLife\AndroidManifest.xml:311:13-49
	android:name
		ADDED from PMS\GzmeLife\AndroidManifest.xml:310:13-56
activity#com.gzmelife.app.activity.TasteActivity
ADDED from PMS\GzmeLife\AndroidManifest.xml:313:9-316:20
	android:screenOrientation
		ADDED from PMS\GzmeLife\AndroidManifest.xml:315:13-49
	android:name
		ADDED from PMS\GzmeLife\AndroidManifest.xml:314:13-51
activity#com.gzmelife.app.activity.AboutUsActivity
ADDED from PMS\GzmeLife\AndroidManifest.xml:317:9-320:20
	android:screenOrientation
		ADDED from PMS\GzmeLife\AndroidManifest.xml:319:13-49
	android:name
		ADDED from PMS\GzmeLife\AndroidManifest.xml:318:13-53
activity#com.gzmelife.app.activity.FAQActivity
ADDED from PMS\GzmeLife\AndroidManifest.xml:321:9-324:20
	android:screenOrientation
		ADDED from PMS\GzmeLife\AndroidManifest.xml:323:13-49
	android:name
		ADDED from PMS\GzmeLife\AndroidManifest.xml:322:13-49
activity#com.gzmelife.app.activity.MyDeviceActivity
ADDED from PMS\GzmeLife\AndroidManifest.xml:325:9-328:20
	android:screenOrientation
		ADDED from PMS\GzmeLife\AndroidManifest.xml:327:13-49
	android:name
		ADDED from PMS\GzmeLife\AndroidManifest.xml:326:13-54
activity#com.zxing.activity.CaptureActivity
ADDED from PMS\GzmeLife\AndroidManifest.xml:329:9-332:20
	android:screenOrientation
		ADDED from PMS\GzmeLife\AndroidManifest.xml:331:13-49
	android:name
		ADDED from PMS\GzmeLife\AndroidManifest.xml:330:13-62
activity#com.gzmelife.app.activity.SystemMsgActivity
ADDED from PMS\GzmeLife\AndroidManifest.xml:333:9-336:20
	android:screenOrientation
		ADDED from PMS\GzmeLife\AndroidManifest.xml:335:13-49
	android:name
		ADDED from PMS\GzmeLife\AndroidManifest.xml:334:13-55
activity#com.gzmelife.app.activity.MyUploadCookbookActivity
ADDED from PMS\GzmeLife\AndroidManifest.xml:337:9-340:20
	android:screenOrientation
		ADDED from PMS\GzmeLife\AndroidManifest.xml:339:13-49
	android:name
		ADDED from PMS\GzmeLife\AndroidManifest.xml:338:13-62
activity#com.gzmelife.app.activity.FoodMaterialManageActivity
ADDED from PMS\GzmeLife\AndroidManifest.xml:341:9-344:20
	android:screenOrientation
		ADDED from PMS\GzmeLife\AndroidManifest.xml:343:13-49
	android:name
		ADDED from PMS\GzmeLife\AndroidManifest.xml:342:13-64
activity#com.gzmelife.app.activity.AddNewFoodMaterialActivity
ADDED from PMS\GzmeLife\AndroidManifest.xml:345:9-348:20
	android:screenOrientation
		ADDED from PMS\GzmeLife\AndroidManifest.xml:347:13-49
	android:name
		ADDED from PMS\GzmeLife\AndroidManifest.xml:346:13-64
activity#com.gzmelife.app.activity.AddNewFoodsMaterialActivity
ADDED from PMS\GzmeLife\AndroidManifest.xml:349:9-352:20
	android:screenOrientation
		ADDED from PMS\GzmeLife\AndroidManifest.xml:351:13-49
	android:name
		ADDED from PMS\GzmeLife\AndroidManifest.xml:350:13-65
activity#com.gzmelife.app.activity.FoodMaterialCategoryActivity
ADDED from PMS\GzmeLife\AndroidManifest.xml:353:9-356:20
	android:screenOrientation
		ADDED from PMS\GzmeLife\AndroidManifest.xml:355:13-49
	android:name
		ADDED from PMS\GzmeLife\AndroidManifest.xml:354:13-66
activity#com.gzmelife.app.activity.StandardFoodMaterialDetailsActivity
ADDED from PMS\GzmeLife\AndroidManifest.xml:357:9-360:20
	android:screenOrientation
		ADDED from PMS\GzmeLife\AndroidManifest.xml:359:13-49
	android:name
		ADDED from PMS\GzmeLife\AndroidManifest.xml:358:13-73
activity#com.gzmelife.app.activity.StandardFoodsMaterialDetailsActivity
ADDED from PMS\GzmeLife\AndroidManifest.xml:361:9-364:20
	android:screenOrientation
		ADDED from PMS\GzmeLife\AndroidManifest.xml:363:13-49
	android:name
		ADDED from PMS\GzmeLife\AndroidManifest.xml:362:13-74
activity#com.gzmelife.app.activity.AllFoodActivity
ADDED from PMS\GzmeLife\AndroidManifest.xml:365:9-368:20
	android:screenOrientation
		ADDED from PMS\GzmeLife\AndroidManifest.xml:367:13-49
	android:name
		ADDED from PMS\GzmeLife\AndroidManifest.xml:366:13-53
activity#com.tencent.tauth.AuthActivity
ADDED from PMS\GzmeLife\AndroidManifest.xml:372:9-384:20
	android:launchMode
		ADDED from PMS\GzmeLife\AndroidManifest.xml:374:13-44
	android:noHistory
		ADDED from PMS\GzmeLife\AndroidManifest.xml:375:13-37
	android:name
		ADDED from PMS\GzmeLife\AndroidManifest.xml:373:13-58
intent-filter#android.intent.action.VIEW+android.intent.category.BROWSABLE+android.intent.category.DEFAULT
ADDED from PMS\GzmeLife\AndroidManifest.xml:376:13-383:29
action#android.intent.action.VIEW
ADDED from PMS\GzmeLife\AndroidManifest.xml:377:17-69
	android:name
		ADDED from PMS\GzmeLife\AndroidManifest.xml:377:25-66
category#android.intent.category.DEFAULT
ADDED from PMS\GzmeLife\AndroidManifest.xml:379:17-76
	android:name
		ADDED from PMS\GzmeLife\AndroidManifest.xml:379:27-73
category#android.intent.category.BROWSABLE
ADDED from PMS\GzmeLife\AndroidManifest.xml:380:17-78
	android:name
		ADDED from PMS\GzmeLife\AndroidManifest.xml:380:27-75
data
ADDED from PMS\GzmeLife\AndroidManifest.xml:382:17-59
	android:scheme
		ADDED from PMS\GzmeLife\AndroidManifest.xml:382:23-56
activity#com.tencent.connect.common.AssistActivity
ADDED from PMS\GzmeLife\AndroidManifest.xml:385:9-388:75
	android:screenOrientation
		ADDED from PMS\GzmeLife\AndroidManifest.xml:387:13-49
	android:theme
		ADDED from PMS\GzmeLife\AndroidManifest.xml:388:13-72
	android:name
		ADDED from PMS\GzmeLife\AndroidManifest.xml:386:13-69
service#cn.jpush.android.service.PushService
ADDED from PMS\GzmeLife\AndroidManifest.xml:393:9-403:19
	android:enabled
		ADDED from PMS\GzmeLife\AndroidManifest.xml:395:13-35
	android:exported
		ADDED from PMS\GzmeLife\AndroidManifest.xml:396:13-37
	android:name
		ADDED from PMS\GzmeLife\AndroidManifest.xml:394:13-64
intent-filter#cn.jpush.android.intent.PUSH_TIME+cn.jpush.android.intent.PushService+cn.jpush.android.intent.REGISTER+cn.jpush.android.intent.REPORT
ADDED from PMS\GzmeLife\AndroidManifest.xml:397:13-402:29
action#cn.jpush.android.intent.REGISTER
ADDED from PMS\GzmeLife\AndroidManifest.xml:398:17-75
	android:name
		ADDED from PMS\GzmeLife\AndroidManifest.xml:398:25-72
action#cn.jpush.android.intent.REPORT
ADDED from PMS\GzmeLife\AndroidManifest.xml:399:17-73